<?xml version="1.0" encoding="UTF-8"?>
<!-- Generated by org.testng.reporters.JUnitReportReporter -->
<testsuite hostname="G10GGNLT049" name="com.usgbc.dev.regression.Community_RegistrationTest" tests="2" failures="0" timestamp="23 Aug 2017 19:28:29 GMT" time="129.737" errors="0">
  <testcase name="test2" time="93.864" classname="com.usgbc.dev.regression.Community_RegistrationTest"/>
  <testcase name="test1" time="35.873" classname="com.usgbc.dev.regression.Community_RegistrationTest"/>
</testsuite> <!-- com.usgbc.dev.regression.Community_RegistrationTest -->
